Determining if the pthread_create exist failed with the following output:
Change Dir: /home/kevin/workspace/catkin_ws_homeservice/build/CMakeFiles/CMakeTmp

Run Build Command:"/usr/bin/make" "cmTC_c4b1c/fast"
/usr/bin/make -f CMakeFiles/cmTC_c4b1c.dir/build.make CMakeFiles/cmTC_c4b1c.dir/build
make[1]: Entering directory '/home/kevin/workspace/catkin_ws_homeservice/build/CMakeFiles/CMakeTmp'
Building C object CMakeFiles/cmTC_c4b1c.dir/CheckSymbolExists.c.o
/usr/bin/cc     -o CMakeFiles/cmTC_c4b1c.dir/CheckSymbolExists.c.o   -c /home/kevin/workspace/catkin_ws_homeservice/build/CMakeFiles/CMakeTmp/CheckSymbolExists.c
Linking C executable cmTC_c4b1c
/usr/bin/cmake -E cmake_link_script CMakeFiles/cmTC_c4b1c.dir/link.txt --verbose=1
/usr/bin/cc       CMakeFiles/cmTC_c4b1c.dir/CheckSymbolExists.c.o  -o cmTC_c4b1c -rdynamic 
CMakeFiles/cmTC_c4b1c.dir/CheckSymbolExists.c.o: In function `main':
CheckSymbolExists.c:(.text+0x16): undefined reference to `pthread_create'
collect2: error: ld returned 1 exit status
CMakeFiles/cmTC_c4b1c.dir/build.make:97: recipe for target 'cmTC_c4b1c' failed
make[1]: *** [cmTC_c4b1c] Error 1
make[1]: Leaving directory '/home/kevin/workspace/catkin_ws_homeservice/build/CMakeFiles/CMakeTmp'
Makefile:126: recipe for target 'cmTC_c4b1c/fast' failed
make: *** [cmTC_c4b1c/fast] Error 2

File /home/kevin/workspace/catkin_ws_homeservice/build/CMakeFiles/CMakeTmp/CheckSymbolExists.c:
/* */
#include <pthread.h>

int main(int argc, char** argv)
{
  (void)argv;
#ifndef pthread_create
  return ((int*)(&pthread_create))[argc];
#else
  (void)argc;
  return 0;
#endif
}

Determining if the function pthread_create exists in the pthreads failed with the following output:
Change Dir: /home/kevin/workspace/catkin_ws_homeservice/build/CMakeFiles/CMakeTmp

Run Build Command:"/usr/bin/make" "cmTC_60934/fast"
/usr/bin/make -f CMakeFiles/cmTC_60934.dir/build.make CMakeFiles/cmTC_60934.dir/build
make[1]: Entering directory '/home/kevin/workspace/catkin_ws_homeservice/build/CMakeFiles/CMakeTmp'
Building C object CMakeFiles/cmTC_60934.dir/CheckFunctionExists.c.o
/usr/bin/cc    -DCHECK_FUNCTION_EXISTS=pthread_create   -o CMakeFiles/cmTC_60934.dir/CheckFunctionExists.c.o   -c /usr/share/cmake-3.5/Modules/CheckFunctionExists.c
Linking C executable cmTC_60934
/usr/bin/cmake -E cmake_link_script CMakeFiles/cmTC_60934.dir/link.txt --verbose=1
/usr/bin/cc   -DCHECK_FUNCTION_EXISTS=pthread_create    CMakeFiles/cmTC_60934.dir/CheckFunctionExists.c.o  -o cmTC_60934 -rdynamic -lpthreads 
/usr/bin/ld: cannot find -lpthreads
collect2: error: ld returned 1 exit status
CMakeFiles/cmTC_60934.dir/build.make:97: recipe for target 'cmTC_60934' failed
make[1]: *** [cmTC_60934] Error 1
make[1]: Leaving directory '/home/kevin/workspace/catkin_ws_homeservice/build/CMakeFiles/CMakeTmp'
Makefile:126: recipe for target 'cmTC_60934/fast' failed
make: *** [cmTC_60934/fast] Error 2


